<?xml version="1.0" encoding="UTF-8"?>
<testng-results ignored="0" total="1" passed="1" failed="0" skipped="0">
  <reporter-output>
  </reporter-output>
  <suite started-at="2023-08-02T01:13:10 IST" name="Default suite" finished-at="2023-08-02T01:14:01 IST" duration-ms="51499">
    <groups>
    </groups>
    <test started-at="2023-08-02T01:13:10 IST" name="Default test" finished-at="2023-08-02T01:14:01 IST" duration-ms="51499">
      <class name="testcases2.TC09_EmailAutomation">
        <test-method is-config="true" signature="setupApplication()[pri:0, instance:testcases2.TC09_EmailAutomation@59402b8f]" started-at="2023-08-02T01:13:10 IST" name="setupApplication" finished-at="2023-08-02T01:13:15 IST" duration-ms="5383" status="PASS">
          <reporter-output>
          </reporter-output>
        </test-method> <!-- setupApplication -->
        <test-method signature="EmailAutomation(java.lang.String,java.lang.String)[pri:0, instance:testcases2.TC09_EmailAutomation@59402b8f]" started-at="2023-08-02T01:13:16 IST" name="EmailAutomation" data-provider="Credentials" finished-at="2023-08-02T01:14:01 IST" duration-ms="45480" status="PASS">
          <params>
            <param index="0">
              <value>
                <![CDATA[ratna.peesapati@wishpond.com]]>
              </value>
            </param>
            <param index="1">
              <value>
                <![CDATA[Srikanth@1983]]>
              </value>
            </param>
          </params>
          <reporter-output>
          </reporter-output>
        </test-method> <!-- EmailAutomation -->
      </class> <!-- testcases2.TC09_EmailAutomation -->
    </test> <!-- Default test -->
  </suite> <!-- Default suite -->
</testng-results>
